snakeOnAPlane-android/proguard/seeds.txt
info.u250.snakeonaplane.SnakeOnAPlaneAndroidActivity
info.u250.snakeonaplane.SnakeOnAPlaneAndroidActivity: SnakeOnAPlaneAndroidActivity()
...
com.google.ads.util.f
com.google.ads.util.f: java.lang.Object b()
com.google.ads.util.g
com.google.ads.util.g: void a(android.webkit.WebSettings,com.google.ads.m)
com.google.ads.util.g: void a(android.view.View)
com.google.ads.util.g: void b(android.view.View)
com.google.ads.util.g: void a(android.view.Window)
com.google.ads.util.g$a
com.google.ads.util.g$a: com.google.ads.m a
com.google.ads.util.g$a: g$a(com.google.ads.m)
com.google.ads.util.g$a: void onCloseWindow(android.webkit.WebView)
com.google.ads.util.g$a: boolean onConsoleMessage(android.webkit.ConsoleMessage)
com.google.ads.util.g$a: void onExceededDatabaseQuota(java.lang.String,java.lang.String,long,long,long,android.webkit.WebStorage$QuotaUpdater)
com.google.ads.util.g$a: boolean onJsAlert(android.webkit.WebView,java.lang.String,java.lang.String,android.webkit.JsResult)
com.google.ads.util.g$a: boolean onJsBeforeUnload(android.webkit.WebView,java.lang.String,java.lang.String,android.webkit.JsResult)
com.google.ads.util.g$a: boolean onJsConfirm(android.webkit.WebView,java.lang.String,java.lang.String,android.webkit.JsResult)
com.google.ads.util.g$a: boolean onJsPrompt(android.webkit.WebView,java.lang.String,java.lang.String,java.lang.String,android.webkit.JsPromptResult)
com.google.ads.util.g$a: void onReachedMaxAppCacheSize(long,long,android.webkit.WebStorage$QuotaUpdater)
com.google.ads.util.g$a: void onShowCustomView(android.view.View,android.webkit.WebChromeClient$CustomViewCallback)
com.google.ads.util.g$a: boolean a(android.webkit.WebView,java.lang.String,java.lang.String,java.lang.String,android.webkit.JsResult,android.webkit.JsPromptResult,boolean)
com.google.ads.util.g$a: void a(android.app.AlertDialog$Builder,java.lang.String,android.webkit.JsResult)
com.google.ads.util.g$b
com.google.ads.util.g$b: g$b(com.google.ads.internal.d,java.util.Map,boolean,boolean)
com.google.ads.util.g$b: android.webkit.WebResourceResponse shouldInterceptRequest(android.webkit.WebView,java.lang.String)
com.google.ads.util.g$b: android.webkit.WebResourceResponse a(java.lang.String,android.content.Context)
com.google.ads.util.h
com.google.ads.util.h$a
com.google.ads.util.h$a: h$a(com.google.ads.m)
com.google.ads.util.h$a: void onShowCustomView(android.view.View,int,android.webkit.WebChromeClient$CustomViewCallback)
com.google.ads.util.i
com.google.ads.util.i: java.lang.Object a
com.google.ads.util.i: int b
com.google.ads.util.i: java.util.HashMap c
com.google.ads.util.i: int m
com.google.ads.util.i: java.util.ArrayList d
com.google.ads.util.i: i()
com.google.ads.util.i: void finalize()
com.google.ads.util.i: java.lang.String toString()
com.google.ads.util.i: void a(com.google.ads.util.i$a)
com.google.ads.util.i$a
com.google.ads.util.i$a: java.lang.Object a
com.google.ads.util.i$a: java.lang.String b
com.google.ads.util.i$a: i$a(com.google.ads.util.i,java.lang.String)
com.google.ads.util.i$a: i$a(com.google.ads.util.i,java.lang.String,java.lang.Object)
com.google.ads.util.i$a: java.lang.String toString()
com.google.ads.util.i$b
com.google.ads.util.i$b: i$b(com.google.ads.util.i,java.lang.String,java.lang.Object)
com.google.ads.util.i$b: java.lang.Object a()
com.google.ads.util.i$b: java.lang.String toString()
com.google.ads.util.i$c
com.google.ads.util.i$c: boolean e
com.google.ads.util.i$c: i$c(com.google.ads.util.i,java.lang.String)
com.google.ads.util.i$c: i$c(com.google.ads.util.i,java.lang.String,java.lang.Object)
com.google.ads.util.i$c: java.lang.Object a()
com.google.ads.util.i$c: void a(java.lang.Object)
com.google.ads.util.i$c: java.lang.String toString()
com.google.ads.util.i$d
com.google.ads.util.i$d: i$d(com.google.ads.util.i,java.lang.String,java.lang.Object)
com.google.ads.util.i$d: java.lang.Object a()
com.google.ads.util.i$d: java.lang.String toString()
com.google.ads.v
com.google.ads.v: v()
com.google.ads.v: void a(com.google.ads.internal.d,java.util.HashMap,android.webkit.WebView)