snakeOnAPlane-android/proguard/mapping.txt
info.u250.snakeonaplane.Loading -> info.u250.snakeonaplane.a:
    info.u250.snakeonaplane.LoadingFeedback feedback -> c
    void inLoadingRender(float) -> a
    void finishLoadingCleanup() -> a
info.u250.snakeonaplane.LoadingFeedback -> info.u250.snakeonaplane.b:
    void finish() -> a
info.u250.snakeonaplane.LoadingFeedbackAndroid -> info.u250.snakeonaplane.c:
    info.u250.snakeonaplane.SnakeOnAPlaneAndroidActivity main -> a
    void finish() -> a
info.u250.snakeonaplane.LoadingFeedbackAndroid$1 -> info.u250.snakeonaplane.d:
    info.u250.snakeonaplane.LoadingFeedbackAndroid this$0 -> a
    void run() -> run
info.u250.snakeonaplane.LoadingProgressAndroid -> info.u250.snakeonaplane.e:
    android.app.ProgressDialog pDialog -> a
    android.os.Handler handler -> b
    void hideLoading() -> a
info.u250.snakeonaplane.LoadingProgressAndroid$1 -> info.u250.snakeonaplane.f:
    info.u250.snakeonaplane.LoadingProgressAndroid this$0 -> a
    void handleMessage(android.os.Message) -> handleMessage
info.u250.snakeonaplane.SnakeOnAPlane -> info.u250.snakeonaplane.g:
    info.u250.c2d.graphic.AdControl adControl -> a
    info.u250.snakeonaplane.scene.PlatformFiles platformFiles -> b
    info.u250.snakeonaplane.LoadingFeedback loadingFeedback -> c
    info.u250.c2d.engine.EngineDrive onSetupEngineDrive() -> g
info.u250.snakeonaplane.SnakeOnAPlaneAndroidActivity -> info.u250.snakeonaplane.SnakeOnAPlaneAndroidActivity:
    android.widget.RelativeLayout layout -> l
    info.u250.snakeonaplane.LoadingProgressAndroid loadingView -> o
    com.google.ads.AdView adView -> m
    int SHOW_ADS -> p
    int HIDE_ADS -> q
    android.os.Handler handler -> n
    info.u250.snakeonaplane.LoadingProgressAndroid getLoadingView() -> e
    void onCreate(android.os.Bundle) -> onCreate
    boolean onKeyDown(int,android.view.KeyEvent) -> onKeyDown
info.u250.snakeonaplane.SnakeOnAPlaneAndroidActivity$1 -> info.u250.snakeonaplane.h:
    info.u250.snakeonaplane.SnakeOnAPlaneAndroidActivity this$0 -> a
    void handleMessage(android.os.Message) -> handleMessage
info.u250.snakeonaplane.SnakeOnAPlaneAndroidActivity$2 -> info.u250.snakeonaplane.i:
    info.u250.snakeonaplane.SnakeOnAPlaneAndroidActivity this$0 -> a
    void show() -> a
    void hide() -> b
info.u250.snakeonaplane.SnakeOnAPlaneAndroidActivity$3 -> info.u250.snakeonaplane.j:
    info.u250.snakeonaplane.SnakeOnAPlaneAndroidActivity this$0 -> a
    void showLevelDialog(info.u250.snakeonaplane.scene.PlatformFiles$LevelDialogEvents) -> a
info.u250.snakeonaplane.SnakeOnAPlaneAndroidActivity$3$1 -> info.u250.snakeonaplane.k:
    info.u250.snakeonaplane.SnakeOnAPlaneAndroidActivity$3 this$1 -> a
    info.u250.snakeonaplane.scene.PlatformFiles$LevelDialogEvents val$callback -> b
    void run() -> run
info.u250.snakeonaplane.SnakeOnAPlaneAndroidActivity$3$1$1 -> info.u250.snakeonaplane.l:
    info.u250.snakeonaplane.SnakeOnAPlaneAndroidActivity$3$1 this$2 -> a
    info.u250.snakeonaplane.scene.PlatformFiles$LevelDialogEvents val$callback -> b
    android.app.AlertDialog val$dlg -> c
    void onClick(android.view.View) -> onClick
info.u250.snakeonaplane.SnakeOnAPlaneAndroidActivity$3$1$2 -> info.u250.snakeonaplane.m:
    info.u250.snakeonaplane.SnakeOnAPlaneAndroidActivity$3$1 this$2 -> a
    info.u250.snakeonaplane.scene.PlatformFiles$LevelDialogEvents val$callback -> b
    android.app.AlertDialog val$dlg -> c
    void onClick(android.view.View) -> onClick
info.u250.snakeonaplane.SnakeOnAPlaneAndroidActivity$3$1$3 -> info.u250.snakeonaplane.n:
    info.u250.snakeonaplane.SnakeOnAPlaneAndroidActivity$3$1 this$2 -> a
    info.u250.snakeonaplane.scene.PlatformFiles$LevelDialogEvents val$callback -> b
    android.app.AlertDialog val$dlg -> c
    void onClick(android.view.View) -> onClick
...
info.u250.c2d.engine.transitions.TransitionSceneRotate$1 -> info.u250.a.b.e.y:
    info.u250.c2d.engine.transitions.TransitionSceneRotate this$0 -> a
    int val$halfDurationMillis -> b
    void onEvent$7fab59b3() -> a
info.u250.c2d.engine.transitions.TransitionSceneRotate$1$1 -> info.u250.a.b.e.z:
    info.u250.c2d.engine.transitions.TransitionSceneRotate$1 this$1 -> a
    void onEvent$7fab59b3() -> a
info.u250.c2d.engine.transitions.TransitionSceneRotateWithZoomIn -> info.u250.a.b.e.aa:
    void doTransition$13462e() -> c
    void render(float) -> b
    info.u250.c2d.engine.Scene access$0(info.u250.c2d.engine.transitions.TransitionSceneRotateWithZoomIn) -> a
    void access$1$383c78de(info.u250.c2d.engine.Scene) -> b
info.u250.c2d.engine.transitions.TransitionSceneRotateWithZoomIn$1 -> info.u250.a.b.e.ab:
    info.u250.c2d.engine.transitions.TransitionSceneRotateWithZoomIn this$0 -> a
    void onEvent$7fab59b3() -> a
info.u250.c2d.engine.transitions.TransitionSceneRotateWithZoomIn$1$1 -> info.u250.a.b.e.ac:
    info.u250.c2d.engine.transitions.TransitionSceneRotateWithZoomIn$1 this$1 -> a
    void onEvent$7fab59b3() -> a
info.u250.c2d.engine.transitions.TransitionSceneSlideInBottom -> info.u250.a.b.e.ad:
    com.badlogic.gdx.math.Vector3 targetPositionOffset() -> f
    com.badlogic.gdx.math.Vector3 orgiPosition() -> g
info.u250.c2d.engine.transitions.TransitionSceneSlideInLeft -> info.u250.a.b.e.ae:
    com.badlogic.gdx.math.Vector3 targetPositionOffset() -> f
    com.badlogic.gdx.math.Vector3 orgiPosition() -> g
info.u250.c2d.engine.transitions.TransitionSceneSlideInRight -> info.u250.a.b.e.af:
    com.badlogic.gdx.math.Vector3 targetPositionOffset() -> f
    com.badlogic.gdx.math.Vector3 orgiPosition() -> g
info.u250.c2d.engine.transitions.TransitionSceneSlideInTop -> info.u250.a.b.e.ag:
    com.badlogic.gdx.math.Vector3 targetPositionOffset() -> f
    com.badlogic.gdx.math.Vector3 orgiPosition() -> g
info.u250.c2d.engine.transitions.TransitionSceneSplitCols -> info.u250.a.b.e.ah:
    info.u250.c2d.engine.transitions.SplitTextureRegion splitWindow -> c
    int halfDurationMillis -> g
    int loop -> d
    com.badlogic.gdx.graphics.g2d.TextureRegion incomingTextureRegion -> e
    com.badlogic.gdx.graphics.g2d.TextureRegion outgoingTextureRegion -> f
    void doTransition$13462e() -> c
    void render(float) -> b
    void reset() -> d
    info.u250.c2d.engine.Scene access$0(info.u250.c2d.engine.transitions.TransitionSceneSplitCols) -> a
    void access$1$32923d28(info.u250.c2d.engine.Scene) -> b
info.u250.c2d.engine.transitions.TransitionSceneSplitCols$1 -> info.u250.a.b.e.ai:
    info.u250.c2d.engine.transitions.TransitionSceneSplitCols this$0 -> a
    void onEvent$7fab59b3() -> a
info.u250.c2d.engine.transitions.TransitionSceneSplitRows -> info.u250.a.b.e.aj:
    info.u250.c2d.engine.transitions.SplitTextureRegion splitWindow -> c
    int halfDurationMillis -> g
    int loop -> d
    com.badlogic.gdx.graphics.g2d.TextureRegion incomingTextureRegion -> e
    com.badlogic.gdx.graphics.g2d.TextureRegion outgoingTextureRegion -> f
    void doTransition$13462e() -> c
    void render(float) -> b
    void reset() -> d
    info.u250.c2d.engine.Scene access$0(info.u250.c2d.engine.transitions.TransitionSceneSplitRows) -> a
    void access$1$5e75727e(info.u250.c2d.engine.Scene) -> b
info.u250.c2d.engine.transitions.TransitionSceneSplitRows$1 -> info.u250.a.b.e.ak:
    info.u250.c2d.engine.transitions.TransitionSceneSplitRows this$0 -> a
    void onEvent$7fab59b3() -> a
info.u250.c2d.engine.transitions.TransitionSceneZoomIn -> info.u250.a.b.e.al:
    void doTransition$13462e() -> c
    void render(float) -> b
    info.u250.c2d.engine.Scene access$0(info.u250.c2d.engine.transitions.TransitionSceneZoomIn) -> a
    void access$1$5550eb23(info.u250.c2d.engine.Scene) -> b