snakeOnAPlane-android/proguard/usage.txt
info.u250.snakeonaplane.BuildConfig
info.u250.snakeonaplane.R
info.u250.snakeonaplane.R$attr
info.u250.snakeonaplane.R$drawable
info.u250.snakeonaplane.R$id
info.u250.snakeonaplane.R$layout
info.u250.snakeonaplane.R$string
info.u250.snakeonaplane.SnakeOnAPlaneEngineDrive:
    public static final java.lang.String EVENT_HOME
    public static final java.lang.String EVENT_GAME
    public static final java.lang.String EVENT_SHOW_AD
    public static final java.lang.String EVENT_HIDE_AD
info.u250.snakeonaplane.scene.LevelTools:
    8:8:public LevelTools()
    34:40:public static boolean isSoundEnabled()
    43:51:public static void enableAudio()
    53:61:public static void disableAudio()
info.u250.snakeonaplane.scene.SceneSnakeOnAPlane:
    private static final int FRAME_TIME
    private static final float BLOCK_SIZE
    private static final int MAX_LEVELS
    private static final int EMPTY
    private static final int WALL
    private static final int PELLET
    private static final int EXIT
    private static final int START
    private static final int WHITE_PELLET
    private static final int STICKY
    private static final int TELEPORT_IN
    private static final int TELEPORT_OUT
    private static final int RED_PELLET
    private static final int GRAVITY_SWITCH
...
info.u250.c2d.physical.box2d.controllers.B2ShapeExtensions
info.u250.c2d.physical.box2d.controllers.Box2dControllers
info.u250.c2d.physical.box2d.controllers.BuoyancyController
info.u250.c2d.physical.box2d.controllers.GravityController
info.u250.c2d.physical.box2d.loader.AbstractBox2dPhysicalObjectLoader
info.u250.c2d.physical.box2d.loader.AbstractBox2dPhysicalObjectModel
info.u250.c2d.physical.box2d.loader.JavaBox2dEditorReader
info.u250.c2d.physical.box2d.loader.JavaBox2dEditorReader$JavaBox2dEditorReaderModel
info.u250.c2d.physical.box2d.loader.PhysicsEditorPlistReader
info.u250.c2d.physical.box2d.loader.PhysicsEditorPlistReader$Box2dPhysicalObjectAdapter
info.u250.c2d.physical.box2d.loader.cbt.CbtWorldReader
info.u250.c2d.physical.box2d.loader.cbt.data.BodyData:
    public java.lang.String name
    public java.lang.String res
    public java.lang.String data
    public float density
    public float friction
    public float restitution
    public int filter_categoryBits
    public int filter_groupIndex
    public int filter_maskBits
    public boolean isSensor
    public boolean isDynamic
    public boolean isKinematic
    public float angle
    public final com.badlogic.gdx.math.Vector2 center
    16:18:public BodyData()
    public abstract boolean isFocus(com.badlogic.gdx.math.Vector2)
    public abstract void debug(com.badlogic.gdx.graphics.glutils.ShapeRenderer)
    42:43:public void translate(float,float)
    public abstract void build()
info.u250.c2d.physical.box2d.loader.cbt.data.BoxData
info.u250.c2d.physical.box2d.loader.cbt.data.CircleData
info.u250.c2d.physical.box2d.loader.cbt.data.DebugColor
info.u250.c2d.physical.box2d.loader.cbt.data.DistanceJointData
info.u250.c2d.physical.box2d.loader.cbt.data.FrictionJointData
info.u250.c2d.physical.box2d.loader.cbt.data.JointData
info.u250.c2d.physical.box2d.loader.cbt.data.PolygonData
info.u250.c2d.physical.box2d.loader.cbt.data.PrismaticJointData
info.u250.c2d.physical.box2d.loader.cbt.data.PulleyJointData
info.u250.c2d.physical.box2d.loader.cbt.data.RevoluteJointData
info.u250.c2d.physical.box2d.loader.cbt.data.RopeJointData
info.u250.c2d.physical.box2d.loader.cbt.data.WeldJointData
info.u250.c2d.physical.box2d.loader.cbt.data.WheelJointData
info.u250.c2d.physical.box2d.loader.cbt.serializers.BoxSerializer
info.u250.c2d.physical.box2d.loader.cbt.serializers.CbtWorldSerializer
info.u250.c2d.physical.box2d.loader.cbt.serializers.CircleSerializer
info.u250.c2d.physical.box2d.loader.cbt.serializers.DistanceJointSerializer
info.u250.c2d.physical.box2d.loader.cbt.serializers.FrictionJointSerializer
info.u250.c2d.physical.box2d.loader.cbt.serializers.PolygonSerializer
info.u250.c2d.physical.box2d.loader.cbt.serializers.PrismaticJointSerializer
info.u250.c2d.physical.box2d.loader.cbt.serializers.PulleyJointSerializer
info.u250.c2d.physical.box2d.loader.cbt.serializers.RevoluteointSerializer
info.u250.c2d.physical.box2d.loader.cbt.serializers.RopeJointSerializer
info.u250.c2d.physical.box2d.loader.cbt.serializers.WeldJointSerializer
info.u250.c2d.physical.box2d.loader.cbt.serializers.WheelJointSerializer
info.u250.c2d.tools.motionwelder.MotionwelderSupport
info.u250.c2d.tools.motionwelder.MotionwelderSupport$C2dMSpriteImageLoader
info.u250.c2d.tools.motionwelder.support.MCPLReader
info.u250.c2d.tools.motionwelder.support.MPlayer
info.u250.c2d.tools.motionwelder.support.MSimpleAnimationPlayer
info.u250.c2d.tools.motionwelder.support.MSprite
info.u250.c2d.tools.motionwelder.support.MSpriteData
info.u250.c2d.tools.motionwelder.support.MSpriteImageLoader
info.u250.c2d.tools.motionwelder.support.MSpriteLoader
info.u250.c2d.updatable.Day2NightEvent
info.u250.c2d.updatable.PeriodUpdatable:
    public abstract void begin()
    public abstract void end()
    public abstract void update(float)
    39:40:public void setStart(boolean)
info.u250.c2d.updatable.SpeedCameraEvent
info.u250.c2d.updatable.ZoomCameraEvent